# JRE version: OpenJDK Runtime Environment Temurin-21.0.9+10 (21.0.9+10) (build 21.0.9+10-LTS)
# Java VM: OpenJDK 64-Bit Server VM Temurin-21.0.9+10 (21.0.9+10-LTS, mixed mode, sharing, tiered, compressed oops, compressed class ptrs, parallel gc, windows-amd64)
GC Precious Log:
 CardTable entry size: 512
 CPUs: 12 total, 12 available
 Memory: 5989M
 Large Page Support: Disabled
 NUMA Support: Disabled
 Compressed Oops: Enabled (32-bit)
 Alignments: Space 512K, Generation 512K, Heap 2M
 Heap Min Capacity: 100M
 Heap Initial Capacity: 100M
 Heap Max Capacity: 2G
 Pre-touch: Disabled
 Parallel Workers: 10
Heap:
 PSYoungGen      total 26624K, used 17223K [0x00000000d5580000, 0x00000000d7700000, 0x0000000100000000)
  eden space 22016K, 57% used [0x00000000d5580000,0x00000000d61e68a8,0x00000000d6b00000)
  from space 4608K, 98% used [0x00000000d6b80000,0x00000000d6feb530,0x00000000d7000000)
  to   space 6144K, 0% used [0x00000000d7100000,0x00000000d7100000,0x00000000d7700000)
 ParOldGen       total 963584K, used 963423K [0x0000000080000000, 0x00000000bad00000, 0x00000000d5580000)
  object space 963584K, 99% used [0x0000000080000000,0x00000000bacd7d10,0x00000000bad00000)
 Metaspace       used 79367K, committed 81024K, reserved 1179648K
  class space    used 8371K, committed 9088K, reserved 1048576K
GC Heap History (20 events):
Event: 154.541 GC heap before
{Heap before GC invocations=1353 (full 3):
 PSYoungGen      total 23552K, used 23063K [0x00000000d5580000, 0x00000000d6f80000, 0x0000000100000000)
  eden space 22016K, 100% used [0x00000000d5580000,0x00000000d6b00000,0x00000000d6b00000)
  from space 1536K, 68% used [0x00000000d6b00000,0x00000000d6c05cf8,0x00000000d6c80000)
  to   space 2048K, 0% used [0x00000000d6d80000,0x00000000d6d80000,0x00000000d6f80000)
 ParOldGen       total 940544K, used 940184K [0x0000000080000000, 0x00000000b9680000, 0x00000000d5580000)
  object space 940544K, 99% used [0x0000000080000000,0x00000000b9626378,0x00000000b9680000)
 Metaspace       used 76772K, committed 78528K, reserved 1179648K
  class space    used 8140K, committed 8896K, reserved 1048576K
}
Event: 154.545 GC heap after
{Heap after GC invocations=1353 (full 3):
 PSYoungGen      total 23040K, used 602K [0x00000000d5580000, 0x00000000d6e80000, 0x0000000100000000)
  eden space 22016K, 0% used [0x00000000d5580000,0x00000000d5580000,0x00000000d6b00000)
  from space 1024K, 58% used [0x00000000d6d80000,0x00000000d6e16920,0x00000000d6e80000)
  to   space 1024K, 0% used [0x00000000d6c80000,0x00000000d6c80000,0x00000000d6d80000)
 ParOldGen       total 940544K, used 940280K [0x0000000080000000, 0x00000000b9680000, 0x00000000d5580000)
  object space 940544K, 99% used [0x0000000080000000,0x00000000b963e378,0x00000000b9680000)
 Metaspace       used 76772K, committed 78528K, reserved 1179648K
  class space    used 8140K, committed 8896K, reserved 1048576K
}
Event: 159.304 GC heap before
{Heap before GC invocations=1354 (full 3):
 PSYoungGen      total 23040K, used 22618K [0x00000000d5580000, 0x00000000d6e80000, 0x0000000100000000)
  eden space 22016K, 100% used [0x00000000d5580000,0x00000000d6b00000,0x00000000d6b00000)
  from space 1024K, 58% used [0x00000000d6d80000,0x00000000d6e16920,0x00000000d6e80000)
  to   space 1024K, 0% used [0x00000000d6c80000,0x00000000d6c80000,0x00000000d6d80000)
 ParOldGen       total 940544K, used 940280K [0x0000000080000000, 0x00000000b9680000, 0x00000000d5580000)
  object space 940544K, 99% used [0x0000000080000000,0x00000000b963e378,0x00000000b9680000)
 Metaspace       used 77046K, committed 78784K, reserved 1179648K
  class space    used 8156K, committed 8896K, reserved 1048576K
}
Event: 159.309 GC heap after
{Heap after GC invocations=1354 (full 3):
 PSYoungGen      total 23040K, used 1017K [0x00000000d5580000, 0x00000000d6f00000, 0x0000000100000000)
  eden space 22016K, 0% used [0x00000000d5580000,0x00000000d5580000,0x00000000d6b00000)
  from space 1024K, 99% used [0x00000000d6c80000,0x00000000d6d7e430,0x00000000d6d80000)
  to   space 1536K, 0% used [0x00000000d6d80000,0x00000000d6d80000,0x00000000d6f00000)
 ParOldGen       total 941056K, used 940686K [0x0000000080000000, 0x00000000b9700000, 0x00000000d5580000)
  object space 941056K, 99% used [0x0000000080000000,0x00000000b96a38a0,0x00000000b9700000)
 Metaspace       used 77046K, committed 78784K, reserved 1179648K
  class space    used 8156K, committed 8896K, reserved 1048576K
}
Event: 159.529 GC heap before
{Heap before GC invocations=1355 (full 3):
 PSYoungGen      total 23040K, used 23033K [0x00000000d5580000, 0x00000000d6f00000, 0x0000000100000000)
  eden space 22016K, 100% used [0x00000000d5580000,0x00000000d6b00000,0x00000000d6b00000)
  from space 1024K, 99% used [0x00000000d6c80000,0x00000000d6d7e430,0x00000000d6d80000)
  to   space 1536K, 0% used [0x00000000d6d80000,0x00000000d6d80000,0x00000000d6f00000)
 ParOldGen       total 941056K, used 940686K [0x0000000080000000, 0x00000000b9700000, 0x00000000d5580000)
  object space 941056K, 99% used [0x0000000080000000,0x00000000b96a38a0,0x00000000b9700000)
 Metaspace       used 77839K, committed 79552K, reserved 1179648K
  class space    used 8221K, committed 8960K, reserved 1048576K
}
Event: 159.532 GC heap after
{Heap after GC invocations=1355 (full 3):
 PSYoungGen      total 23552K, used 1120K [0x00000000d5580000, 0x00000000d6f00000, 0x0000000100000000)
  eden space 22016K, 0% used [0x00000000d5580000,0x00000000d5580000,0x00000000d6b00000)
  from space 1536K, 72% used [0x00000000d6d80000,0x00000000d6e98000,0x00000000d6f00000)
  to   space 1536K, 0% used [0x00000000d6c00000,0x00000000d6c00000,0x00000000d6d80000)
 ParOldGen       total 942080K, used 941665K [0x0000000080000000, 0x00000000b9800000, 0x00000000d5580000)
  object space 942080K, 99% used [0x0000000080000000,0x00000000b97985d0,0x00000000b9800000)
 Metaspace       used 77839K, committed 79552K, reserved 1179648K
  class space    used 8221K, committed 8960K, reserved 1048576K
}
Event: 159.705 GC heap before
{Heap before GC invocations=1356 (full 3):
 PSYoungGen      total 23552K, used 23136K [0x00000000d5580000, 0x00000000d6f00000, 0x0000000100000000)
  eden space 22016K, 100% used [0x00000000d5580000,0x00000000d6b00000,0x00000000d6b00000)
  from space 1536K, 72% used [0x00000000d6d80000,0x00000000d6e98000,0x00000000d6f00000)
  to   space 1536K, 0% used [0x00000000d6c00000,0x00000000d6c00000,0x00000000d6d80000)
 ParOldGen       total 942080K, used 941665K [0x0000000080000000, 0x00000000b9800000, 0x00000000d5580000)
  object space 942080K, 99% used [0x0000000080000000,0x00000000b97985d0,0x00000000b9800000)
 Metaspace       used 78370K, committed 80000K, reserved 1179648K
  class space    used 8283K, committed 8960K, reserved 1048576K
}
Event: 159.710 GC heap after
{Heap after GC invocations=1356 (full 3):
 PSYoungGen      total 23040K, used 544K [0x00000000d5580000, 0x00000000d6e00000, 0x0000000100000000)
  eden space 22016K, 0% used [0x00000000d5580000,0x00000000d5580000,0x00000000d6b00000)
  from space 1024K, 53% used [0x00000000d6c00000,0x00000000d6c88000,0x00000000d6d00000)
  to   space 1024K, 0% used [0x00000000d6d00000,0x00000000d6d00000,0x00000000d6e00000)
 ParOldGen       total 943104K, used 942657K [0x0000000080000000, 0x00000000b9900000, 0x00000000d5580000)
  object space 943104K, 99% used [0x0000000080000000,0x00000000b98905e0,0x00000000b9900000)
 Metaspace       used 78370K, committed 80000K, reserved 1179648K
  class space    used 8283K, committed 8960K, reserved 1048576K
}
Event: 272.432 GC heap before
{Heap before GC invocations=1357 (full 3):
 PSYoungGen      total 23040K, used 22560K [0x00000000d5580000, 0x00000000d6e00000, 0x0000000100000000)
  eden space 22016K, 100% used [0x00000000d5580000,0x00000000d6b00000,0x00000000d6b00000)
  from space 1024K, 53% used [0x00000000d6c00000,0x00000000d6c88000,0x00000000d6d00000)
  to   space 1024K, 0% used [0x00000000d6d00000,0x00000000d6d00000,0x00000000d6e00000)
 ParOldGen       total 943104K, used 942657K [0x0000000080000000, 0x00000000b9900000, 0x00000000d5580000)
  object space 943104K, 99% used [0x0000000080000000,0x00000000b98905e0,0x00000000b9900000)
 Metaspace       used 78884K, committed 80576K, reserved 1179648K
  class space    used 8331K, committed 9024K, reserved 1048576K
}
Event: 272.662 GC heap after
{Heap after GC invocations=1357 (full 3):
 PSYoungGen      total 23040K, used 1006K [0x00000000d5580000, 0x00000000d6f00000, 0x0000000100000000)
  eden space 22016K, 0% used [0x00000000d5580000,0x00000000d5580000,0x00000000d6b00000)
  from space 1024K, 98% used [0x00000000d6d00000,0x00000000d6dfbb00,0x00000000d6e00000)
  to   space 2048K, 0% used [0x00000000d6b00000,0x00000000d6b00000,0x00000000d6d00000)
 ParOldGen       total 943616K, used 943137K [0x0000000080000000, 0x00000000b9980000, 0x00000000d5580000)
  object space 943616K, 99% used [0x0000000080000000,0x00000000b99085e0,0x00000000b9980000)
 Metaspace       used 78884K, committed 80576K, reserved 1179648K
  class space    used 8331K, committed 9024K, reserved 1048576K
}
Event: 302.229 GC heap before
{Heap before GC invocations=1358 (full 3):
 PSYoungGen      total 23040K, used 23022K [0x00000000d5580000, 0x00000000d6f00000, 0x0000000100000000)
  eden space 22016K, 100% used [0x00000000d5580000,0x00000000d6b00000,0x00000000d6b00000)
  from space 1024K, 98% used [0x00000000d6d00000,0x00000000d6dfbb00,0x00000000d6e00000)
  to   space 2048K, 0% used [0x00000000d6b00000,0x00000000d6b00000,0x00000000d6d00000)
 ParOldGen       total 943616K, used 943137K [0x0000000080000000, 0x00000000b9980000, 0x00000000d5580000)
  object space 943616K, 99% used [0x0000000080000000,0x00000000b99085e0,0x00000000b9980000)
 Metaspace       used 79096K, committed 80832K, reserved 1179648K
  class space    used 8364K, committed 9088K, reserved 1048576K
}
Event: 302.246 GC heap after
{Heap after GC invocations=1358 (full 3):
 PSYoungGen      total 24064K, used 2027K [0x00000000d5580000, 0x00000000d8100000, 0x0000000100000000)
  eden space 22016K, 0% used [0x00000000d5580000,0x00000000d5580000,0x00000000d6b00000)
  from space 2048K, 98% used [0x00000000d6b00000,0x00000000d6cfacb0,0x00000000d6d00000)
  to   space 11264K, 0% used [0x00000000d7600000,0x00000000d7600000,0x00000000d8100000)
 ParOldGen       total 950784K, used 950593K [0x0000000080000000, 0x00000000ba080000, 0x00000000d5580000)
  object space 950784K, 99% used [0x0000000080000000,0x00000000ba050750,0x00000000ba080000)
 Metaspace       used 79096K, committed 80832K, reserved 1179648K
  class space    used 8364K, committed 9088K, reserved 1048576K
}
Event: 304.516 GC heap before
{Heap before GC invocations=1359 (full 3):
 PSYoungGen      total 24064K, used 24043K [0x00000000d5580000, 0x00000000d8100000, 0x0000000100000000)
  eden space 22016K, 100% used [0x00000000d5580000,0x00000000d6b00000,0x00000000d6b00000)
  from space 2048K, 98% used [0x00000000d6b00000,0x00000000d6cfacb0,0x00000000d6d00000)
  to   space 11264K, 0% used [0x00000000d7600000,0x00000000d7600000,0x00000000d8100000)
 ParOldGen       total 950784K, used 950593K [0x0000000080000000, 0x00000000ba080000, 0x00000000d5580000)
  object space 950784K, 99% used [0x0000000080000000,0x00000000ba050750,0x00000000ba080000)
 Metaspace       used 79107K, committed 80832K, reserved 1179648K
  class space    used 8364K, committed 9088K, reserved 1048576K
}
Event: 304.527 GC heap after
{Heap after GC invocations=1359 (full 3):
 PSYoungGen      total 31744K, used 9531K [0x00000000d5580000, 0x00000000d7f80000, 0x0000000100000000)
  eden space 22016K, 0% used [0x00000000d5580000,0x00000000d5580000,0x00000000d6b00000)
  from space 9728K, 97% used [0x00000000d7600000,0x00000000d7f4ef80,0x00000000d7f80000)
  to   space 10240K, 0% used [0x00000000d6b80000,0x00000000d6b80000,0x00000000d7580000)
 ParOldGen       total 951296K, used 950953K [0x0000000080000000, 0x00000000ba100000, 0x00000000d5580000)
  object space 951296K, 99% used [0x0000000080000000,0x00000000ba0aa7c0,0x00000000ba100000)
 Metaspace       used 79107K, committed 80832K, reserved 1179648K
  class space    used 8364K, committed 9088K, reserved 1048576K
}
Event: 304.740 GC heap before
{Heap before GC invocations=1360 (full 3):
 PSYoungGen      total 31744K, used 31547K [0x00000000d5580000, 0x00000000d7f80000, 0x0000000100000000)
  eden space 22016K, 100% used [0x00000000d5580000,0x00000000d6b00000,0x00000000d6b00000)
  from space 9728K, 97% used [0x00000000d7600000,0x00000000d7f4ef80,0x00000000d7f80000)
  to   space 10240K, 0% used [0x00000000d6b80000,0x00000000d6b80000,0x00000000d7580000)
 ParOldGen       total 951296K, used 950953K [0x0000000080000000, 0x00000000ba100000, 0x00000000d5580000)
  object space 951296K, 99% used [0x0000000080000000,0x00000000ba0aa7c0,0x00000000ba100000)
 Metaspace       used 79116K, committed 80832K, reserved 1179648K
  class space    used 8364K, committed 9088K, reserved 1048576K
}
Event: 304.753 GC heap after
{Heap after GC invocations=1360 (full 3):
 PSYoungGen      total 30208K, used 8029K [0x00000000d5580000, 0x00000000d7c00000, 0x0000000100000000)
  eden space 22016K, 0% used [0x00000000d5580000,0x00000000d5580000,0x00000000d6b00000)
  from space 8192K, 98% used [0x00000000d6b80000,0x00000000d7357500,0x00000000d7380000)
  to   space 8704K, 0% used [0x00000000d7380000,0x00000000d7380000,0x00000000d7c00000)
 ParOldGen       total 952320K, used 952289K [0x0000000080000000, 0x00000000ba200000, 0x00000000d5580000)
  object space 952320K, 99% used [0x0000000080000000,0x00000000ba1f87d0,0x00000000ba200000)
 Metaspace       used 79116K, committed 80832K, reserved 1179648K
  class space    used 8364K, committed 9088K, reserved 1048576K
}
Event: 1855.992 GC heap before
{Heap before GC invocations=1361 (full 3):
 PSYoungGen      total 30208K, used 30045K [0x00000000d5580000, 0x00000000d7c00000, 0x0000000100000000)
  eden space 22016K, 100% used [0x00000000d5580000,0x00000000d6b00000,0x00000000d6b00000)
  from space 8192K, 98% used [0x00000000d6b80000,0x00000000d7357500,0x00000000d7380000)
  to   space 8704K, 0% used [0x00000000d7380000,0x00000000d7380000,0x00000000d7c00000)
 ParOldGen       total 952320K, used 952289K [0x0000000080000000, 0x00000000ba200000, 0x00000000d5580000)
  object space 952320K, 99% used [0x0000000080000000,0x00000000ba1f87d0,0x00000000ba200000)
 Metaspace       used 79289K, committed 80960K, reserved 1179648K
  class space    used 8370K, committed 9088K, reserved 1048576K
}
Event: 1856.428 GC heap after
{Heap after GC invocations=1361 (full 3):
 PSYoungGen      total 30208K, used 8027K [0x00000000d5580000, 0x00000000d7b80000, 0x0000000100000000)
  eden space 22016K, 0% used [0x00000000d5580000,0x00000000d5580000,0x00000000d6b00000)
  from space 8192K, 97% used [0x00000000d7380000,0x00000000d7b56fc0,0x00000000d7b80000)
  to   space 8192K, 0% used [0x00000000d6b80000,0x00000000d6b80000,0x00000000d7380000)
 ParOldGen       total 960512K, used 960071K [0x0000000080000000, 0x00000000baa00000, 0x00000000d5580000)
  object space 960512K, 99% used [0x0000000080000000,0x00000000ba991cb0,0x00000000baa00000)
 Metaspace       used 79289K, committed 80960K, reserved 1179648K
  class space    used 8370K, committed 9088K, reserved 1048576K
}
Event: 1857.122 GC heap before
{Heap before GC invocations=1362 (full 3):
 PSYoungGen      total 30208K, used 30036K [0x00000000d5580000, 0x00000000d7b80000, 0x0000000100000000)
  eden space 22016K, 99% used [0x00000000d5580000,0x00000000d6afe420,0x00000000d6b00000)
  from space 8192K, 97% used [0x00000000d7380000,0x00000000d7b56fc0,0x00000000d7b80000)
  to   space 8192K, 0% used [0x00000000d6b80000,0x00000000d6b80000,0x00000000d7380000)
 ParOldGen       total 960512K, used 960071K [0x0000000080000000, 0x00000000baa00000, 0x00000000d5580000)
  object space 960512K, 99% used [0x0000000080000000,0x00000000ba991cb0,0x00000000baa00000)
 Metaspace       used 79308K, committed 81024K, reserved 1179648K
  class space    used 8371K, committed 9088K, reserved 1048576K
}
Event: 1857.136 GC heap after
{Heap after GC invocations=1362 (full 3):
 PSYoungGen      total 26624K, used 4525K [0x00000000d5580000, 0x00000000d7700000, 0x0000000100000000)
  eden space 22016K, 0% used [0x00000000d5580000,0x00000000d5580000,0x00000000d6b00000)
  from space 4608K, 98% used [0x00000000d6b80000,0x00000000d6feb530,0x00000000d7000000)
  to   space 6144K, 0% used [0x00000000d7100000,0x00000000d7100000,0x00000000d7700000)
 ParOldGen       total 963584K, used 963423K [0x0000000080000000, 0x00000000bad00000, 0x00000000d5580000)
  object space 963584K, 99% used [0x0000000080000000,0x00000000bacd7d10,0x00000000bad00000)
 Metaspace       used 79308K, committed 81024K, reserved 1179648K
  class space    used 8371K, committed 9088K, reserved 1048576K
}

