# JRE version: OpenJDK Runtime Environment Temurin-21.0.9+10 (21.0.9+10) (build 21.0.9+10-LTS)
# Java VM: OpenJDK 64-Bit Server VM Temurin-21.0.9+10 (21.0.9+10-LTS, mixed mode, sharing, tiered, compressed oops, compressed class ptrs, parallel gc, windows-amd64)
GC Precious Log:
 CardTable entry size: 512
 CPUs: 12 total, 12 available
 Memory: 5989M
 Large Page Support: Disabled
 NUMA Support: Disabled
 Compressed Oops: Enabled (32-bit)
 Alignments: Space 512K, Generation 512K, Heap 2M
 Heap Min Capacity: 100M
 Heap Initial Capacity: 100M
 Heap Max Capacity: 2G
 Pre-touch: Disabled
 Parallel Workers: 10
Heap:
 PSYoungGen      total 6656K, used 3465K [0x00000000d5580000, 0x00000000d5f00000, 0x0000000100000000)
  eden space 5120K, 45% used [0x00000000d5580000,0x00000000d57c94c0,0x00000000d5a80000)
  from space 1536K, 73% used [0x00000000d5d80000,0x00000000d5e99238,0x00000000d5f00000)
  to   space 1536K, 0% used [0x00000000d5c00000,0x00000000d5c00000,0x00000000d5d80000)
 ParOldGen       total 185344K, used 185221K [0x0000000080000000, 0x000000008b500000, 0x00000000d5580000)
  object space 185344K, 99% used [0x0000000080000000,0x000000008b4e1538,0x000000008b500000)
 Metaspace       used 66379K, committed 67776K, reserved 1114112K
  class space    used 7165K, committed 7744K, reserved 1048576K
GC Heap History (20 events):
Event: 24.133 GC heap before
{Heap before GC invocations=90 (full 3):
 PSYoungGen      total 6656K, used 6633K [0x00000000d5580000, 0x00000000d6200000, 0x0000000100000000)
  eden space 5120K, 100% used [0x00000000d5580000,0x00000000d5a80000,0x00000000d5a80000)
  from space 1536K, 98% used [0x00000000d5d80000,0x00000000d5efa498,0x00000000d5f00000)
  to   space 3072K, 0% used [0x00000000d5a80000,0x00000000d5a80000,0x00000000d5d80000)
 ParOldGen       total 141824K, used 141639K [0x0000000080000000, 0x0000000088a80000, 0x00000000d5580000)
  object space 141824K, 99% used [0x0000000080000000,0x0000000088a51ec0,0x0000000088a80000)
 Metaspace       used 65562K, committed 66944K, reserved 1114112K
  class space    used 7095K, committed 7680K, reserved 1048576K
}
Event: 24.137 GC heap after
{Heap after GC invocations=90 (full 3):
 PSYoungGen      total 8192K, used 3060K [0x00000000d5580000, 0x00000000d6680000, 0x0000000100000000)
  eden space 5120K, 0% used [0x00000000d5580000,0x00000000d5580000,0x00000000d5a80000)
  from space 3072K, 99% used [0x00000000d5a80000,0x00000000d5d7d1e0,0x00000000d5d80000)
  to   space 6144K, 0% used [0x00000000d6080000,0x00000000d6080000,0x00000000d6680000)
 ParOldGen       total 143872K, used 143752K [0x0000000080000000, 0x0000000088c80000, 0x00000000d5580000)
  object space 143872K, 99% used [0x0000000080000000,0x0000000088c622a8,0x0000000088c80000)
 Metaspace       used 65562K, committed 66944K, reserved 1114112K
  class space    used 7095K, committed 7680K, reserved 1048576K
}
Event: 24.190 GC heap before
{Heap before GC invocations=91 (full 3):
 PSYoungGen      total 8192K, used 8180K [0x00000000d5580000, 0x00000000d6680000, 0x0000000100000000)
  eden space 5120K, 100% used [0x00000000d5580000,0x00000000d5a80000,0x00000000d5a80000)
  from space 3072K, 99% used [0x00000000d5a80000,0x00000000d5d7d1e0,0x00000000d5d80000)
  to   space 6144K, 0% used [0x00000000d6080000,0x00000000d6080000,0x00000000d6680000)
 ParOldGen       total 143872K, used 143752K [0x0000000080000000, 0x0000000088c80000, 0x00000000d5580000)
  object space 143872K, 99% used [0x0000000080000000,0x0000000088c622a8,0x0000000088c80000)
 Metaspace       used 65562K, committed 66944K, reserved 1114112K
  class space    used 7095K, committed 7680K, reserved 1048576K
}
Event: 24.195 GC heap after
{Heap after GC invocations=91 (full 3):
 PSYoungGen      total 7168K, used 1663K [0x00000000d5580000, 0x00000000d6280000, 0x0000000100000000)
  eden space 5120K, 0% used [0x00000000d5580000,0x00000000d5580000,0x00000000d5a80000)
  from space 2048K, 81% used [0x00000000d6080000,0x00000000d621fcb8,0x00000000d6280000)
  to   space 3072K, 0% used [0x00000000d5c80000,0x00000000d5c80000,0x00000000d5f80000)
 ParOldGen       total 146944K, used 146705K [0x0000000080000000, 0x0000000088f80000, 0x00000000d5580000)
  object space 146944K, 99% used [0x0000000080000000,0x0000000088f44760,0x0000000088f80000)
 Metaspace       used 65562K, committed 66944K, reserved 1114112K
  class space    used 7095K, committed 7680K, reserved 1048576K
}
Event: 24.394 GC heap before
{Heap before GC invocations=92 (full 3):
 PSYoungGen      total 7168K, used 6783K [0x00000000d5580000, 0x00000000d6280000, 0x0000000100000000)
  eden space 5120K, 99% used [0x00000000d5580000,0x00000000d5a7fff0,0x00000000d5a80000)
  from space 2048K, 81% used [0x00000000d6080000,0x00000000d621fcb8,0x00000000d6280000)
  to   space 3072K, 0% used [0x00000000d5c80000,0x00000000d5c80000,0x00000000d5f80000)
 ParOldGen       total 146944K, used 146705K [0x0000000080000000, 0x0000000088f80000, 0x00000000d5580000)
  object space 146944K, 99% used [0x0000000080000000,0x0000000088f44760,0x0000000088f80000)
 Metaspace       used 65650K, committed 67008K, reserved 1114112K
  class space    used 7101K, committed 7680K, reserved 1048576K
}
Event: 24.398 GC heap after
{Heap after GC invocations=92 (full 3):
 PSYoungGen      total 8192K, used 960K [0x00000000d5580000, 0x00000000d6100000, 0x0000000100000000)
  eden space 5120K, 0% used [0x00000000d5580000,0x00000000d5580000,0x00000000d5a80000)
  from space 3072K, 31% used [0x00000000d5c80000,0x00000000d5d70000,0x00000000d5f80000)
  to   space 1536K, 0% used [0x00000000d5f80000,0x00000000d5f80000,0x00000000d6100000)
 ParOldGen       total 146944K, used 146905K [0x0000000080000000, 0x0000000088f80000, 0x00000000d5580000)
  object space 146944K, 99% used [0x0000000080000000,0x0000000088f76760,0x0000000088f80000)
 Metaspace       used 65650K, committed 67008K, reserved 1114112K
  class space    used 7101K, committed 7680K, reserved 1048576K
}
Event: 24.566 GC heap before
{Heap before GC invocations=93 (full 3):
 PSYoungGen      total 8192K, used 6080K [0x00000000d5580000, 0x00000000d6100000, 0x0000000100000000)
  eden space 5120K, 100% used [0x00000000d5580000,0x00000000d5a80000,0x00000000d5a80000)
  from space 3072K, 31% used [0x00000000d5c80000,0x00000000d5d70000,0x00000000d5f80000)
  to   space 1536K, 0% used [0x00000000d5f80000,0x00000000d5f80000,0x00000000d6100000)
 ParOldGen       total 146944K, used 146905K [0x0000000080000000, 0x0000000088f80000, 0x00000000d5580000)
  object space 146944K, 99% used [0x0000000080000000,0x0000000088f76760,0x0000000088f80000)
 Metaspace       used 65705K, committed 67008K, reserved 1114112K
  class space    used 7104K, committed 7680K, reserved 1048576K
}
Event: 24.569 GC heap after
{Heap after GC invocations=93 (full 3):
 PSYoungGen      total 6656K, used 1088K [0x00000000d5580000, 0x00000000d6100000, 0x0000000100000000)
  eden space 5120K, 0% used [0x00000000d5580000,0x00000000d5580000,0x00000000d5a80000)
  from space 1536K, 70% used [0x00000000d5f80000,0x00000000d6090000,0x00000000d6100000)
  to   space 1536K, 0% used [0x00000000d5e00000,0x00000000d5e00000,0x00000000d5f80000)
 ParOldGen       total 147968K, used 147749K [0x0000000080000000, 0x0000000089080000, 0x00000000d5580000)
  object space 147968K, 99% used [0x0000000080000000,0x0000000089049620,0x0000000089080000)
 Metaspace       used 65705K, committed 67008K, reserved 1114112K
  class space    used 7104K, committed 7680K, reserved 1048576K
}
Event: 24.621 GC heap before
{Heap before GC invocations=94 (full 3):
 PSYoungGen      total 6656K, used 6208K [0x00000000d5580000, 0x00000000d6100000, 0x0000000100000000)
  eden space 5120K, 100% used [0x00000000d5580000,0x00000000d5a80000,0x00000000d5a80000)
  from space 1536K, 70% used [0x00000000d5f80000,0x00000000d6090000,0x00000000d6100000)
  to   space 1536K, 0% used [0x00000000d5e00000,0x00000000d5e00000,0x00000000d5f80000)
 ParOldGen       total 147968K, used 147749K [0x0000000080000000, 0x0000000089080000, 0x00000000d5580000)
  object space 147968K, 99% used [0x0000000080000000,0x0000000089049620,0x0000000089080000)
 Metaspace       used 65724K, committed 67136K, reserved 1114112K
  class space    used 7108K, committed 7744K, reserved 1048576K
}
Event: 24.624 GC heap after
{Heap after GC invocations=94 (full 3):
 PSYoungGen      total 6656K, used 1168K [0x00000000d5580000, 0x00000000d6000000, 0x0000000100000000)
  eden space 5120K, 0% used [0x00000000d5580000,0x00000000d5580000,0x00000000d5a80000)
  from space 1536K, 76% used [0x00000000d5e00000,0x00000000d5f240a8,0x00000000d5f80000)
  to   space 512K, 0% used [0x00000000d5f80000,0x00000000d5f80000,0x00000000d6000000)
 ParOldGen       total 148992K, used 148720K [0x0000000080000000, 0x0000000089180000, 0x00000000d5580000)
  object space 148992K, 99% used [0x0000000080000000,0x000000008913c1c0,0x0000000089180000)
 Metaspace       used 65724K, committed 67136K, reserved 1114112K
  class space    used 7108K, committed 7744K, reserved 1048576K
}
Event: 24.717 GC heap before
{Heap before GC invocations=95 (full 3):
 PSYoungGen      total 6656K, used 6288K [0x00000000d5580000, 0x00000000d6000000, 0x0000000100000000)
  eden space 5120K, 100% used [0x00000000d5580000,0x00000000d5a80000,0x00000000d5a80000)
  from space 1536K, 76% used [0x00000000d5e00000,0x00000000d5f240a8,0x00000000d5f80000)
  to   space 512K, 0% used [0x00000000d5f80000,0x00000000d5f80000,0x00000000d6000000)
 ParOldGen       total 148992K, used 148720K [0x0000000080000000, 0x0000000089180000, 0x00000000d5580000)
  object space 148992K, 99% used [0x0000000080000000,0x000000008913c1c0,0x0000000089180000)
 Metaspace       used 65751K, committed 67136K, reserved 1114112K
  class space    used 7111K, committed 7744K, reserved 1048576K
}
Event: 24.721 GC heap after
{Heap after GC invocations=95 (full 3):
 PSYoungGen      total 5632K, used 512K [0x00000000d5580000, 0x00000000d6000000, 0x0000000100000000)
  eden space 5120K, 0% used [0x00000000d5580000,0x00000000d5580000,0x00000000d5a80000)
  from space 512K, 100% used [0x00000000d5f80000,0x00000000d6000000,0x00000000d6000000)
  to   space 2560K, 0% used [0x00000000d5b00000,0x00000000d5b00000,0x00000000d5d80000)
 ParOldGen       total 150528K, used 150154K [0x0000000080000000, 0x0000000089300000, 0x00000000d5580000)
  object space 150528K, 99% used [0x0000000080000000,0x00000000892a2908,0x0000000089300000)
 Metaspace       used 65751K, committed 67136K, reserved 1114112K
  class space    used 7111K, committed 7744K, reserved 1048576K
}
Event: 24.741 GC heap before
{Heap before GC invocations=96 (full 3):
 PSYoungGen      total 5632K, used 5632K [0x00000000d5580000, 0x00000000d6000000, 0x0000000100000000)
  eden space 5120K, 100% used [0x00000000d5580000,0x00000000d5a80000,0x00000000d5a80000)
  from space 512K, 100% used [0x00000000d5f80000,0x00000000d6000000,0x00000000d6000000)
  to   space 2560K, 0% used [0x00000000d5b00000,0x00000000d5b00000,0x00000000d5d80000)
 ParOldGen       total 150528K, used 150154K [0x0000000080000000, 0x0000000089300000, 0x00000000d5580000)
  object space 150528K, 99% used [0x0000000080000000,0x00000000892a2908,0x0000000089300000)
 Metaspace       used 65769K, committed 67136K, reserved 1114112K
  class space    used 7111K, committed 7744K, reserved 1048576K
}
Event: 24.745 GC heap after
{Heap after GC invocations=96 (full 3):
 PSYoungGen      total 7680K, used 1050K [0x00000000d5580000, 0x00000000d6000000, 0x0000000100000000)
  eden space 5120K, 0% used [0x00000000d5580000,0x00000000d5580000,0x00000000d5a80000)
  from space 2560K, 41% used [0x00000000d5b00000,0x00000000d5c069b0,0x00000000d5d80000)
  to   space 1536K, 0% used [0x00000000d5e80000,0x00000000d5e80000,0x00000000d6000000)
 ParOldGen       total 151040K, used 150679K [0x0000000080000000, 0x0000000089380000, 0x00000000d5580000)
  object space 151040K, 99% used [0x0000000080000000,0x0000000089325f18,0x0000000089380000)
 Metaspace       used 65769K, committed 67136K, reserved 1114112K
  class space    used 7111K, committed 7744K, reserved 1048576K
}
Event: 24.860 GC heap before
{Heap before GC invocations=97 (full 3):
 PSYoungGen      total 7680K, used 6170K [0x00000000d5580000, 0x00000000d6000000, 0x0000000100000000)
  eden space 5120K, 100% used [0x00000000d5580000,0x00000000d5a80000,0x00000000d5a80000)
  from space 2560K, 41% used [0x00000000d5b00000,0x00000000d5c069b0,0x00000000d5d80000)
  to   space 1536K, 0% used [0x00000000d5e80000,0x00000000d5e80000,0x00000000d6000000)
 ParOldGen       total 151040K, used 150679K [0x0000000080000000, 0x0000000089380000, 0x00000000d5580000)
  object space 151040K, 99% used [0x0000000080000000,0x0000000089325f18,0x0000000089380000)
 Metaspace       used 65798K, committed 67200K, reserved 1114112K
  class space    used 7114K, committed 7744K, reserved 1048576K
}
Event: 24.862 GC heap after
{Heap after GC invocations=97 (full 3):
 PSYoungGen      total 6144K, used 746K [0x00000000d5580000, 0x00000000d5f80000, 0x0000000100000000)
  eden space 5120K, 0% used [0x00000000d5580000,0x00000000d5580000,0x00000000d5a80000)
  from space 1024K, 72% used [0x00000000d5e80000,0x00000000d5f3aad0,0x00000000d5f80000)
  to   space 1024K, 0% used [0x00000000d5d80000,0x00000000d5d80000,0x00000000d5e80000)
 ParOldGen       total 152064K, used 151576K [0x0000000080000000, 0x0000000089480000, 0x00000000d5580000)
  object space 152064K, 99% used [0x0000000080000000,0x0000000089406140,0x0000000089480000)
 Metaspace       used 65798K, committed 67200K, reserved 1114112K
  class space    used 7114K, committed 7744K, reserved 1048576K
}
Event: 24.918 GC heap before
{Heap before GC invocations=98 (full 3):
 PSYoungGen      total 6144K, used 5866K [0x00000000d5580000, 0x00000000d5f80000, 0x0000000100000000)
  eden space 5120K, 100% used [0x00000000d5580000,0x00000000d5a80000,0x00000000d5a80000)
  from space 1024K, 72% used [0x00000000d5e80000,0x00000000d5f3aad0,0x00000000d5f80000)
  to   space 1024K, 0% used [0x00000000d5d80000,0x00000000d5d80000,0x00000000d5e80000)
 ParOldGen       total 152064K, used 151576K [0x0000000080000000, 0x0000000089480000, 0x00000000d5580000)
  object space 152064K, 99% used [0x0000000080000000,0x0000000089406140,0x0000000089480000)
 Metaspace       used 65944K, committed 67328K, reserved 1114112K
  class space    used 7134K, committed 7744K, reserved 1048576K
}
Event: 24.920 GC heap after
{Heap after GC invocations=98 (full 3):
 PSYoungGen      total 6144K, used 939K [0x00000000d5580000, 0x00000000d5f00000, 0x0000000100000000)
  eden space 5120K, 0% used [0x00000000d5580000,0x00000000d5580000,0x00000000d5a80000)
  from space 1024K, 91% used [0x00000000d5d80000,0x00000000d5e6ad38,0x00000000d5e80000)
  to   space 512K, 0% used [0x00000000d5e80000,0x00000000d5e80000,0x00000000d5f00000)
 ParOldGen       total 152576K, used 152191K [0x0000000080000000, 0x0000000089500000, 0x00000000d5580000)
  object space 152576K, 99% used [0x0000000080000000,0x000000008949fe50,0x0000000089500000)
 Metaspace       used 65944K, committed 67328K, reserved 1114112K
  class space    used 7134K, committed 7744K, reserved 1048576K
}
Event: 25.023 GC heap before
{Heap before GC invocations=99 (full 3):
 PSYoungGen      total 6144K, used 6059K [0x00000000d5580000, 0x00000000d5f00000, 0x0000000100000000)
  eden space 5120K, 100% used [0x00000000d5580000,0x00000000d5a80000,0x00000000d5a80000)
  from space 1024K, 91% used [0x00000000d5d80000,0x00000000d5e6ad38,0x00000000d5e80000)
  to   space 512K, 0% used [0x00000000d5e80000,0x00000000d5e80000,0x00000000d5f00000)
 ParOldGen       total 184320K, used 182911K [0x0000000080000000, 0x000000008b400000, 0x00000000d5580000)
  object space 184320K, 99% used [0x0000000080000000,0x000000008b29fe80,0x000000008b400000)
 Metaspace       used 66202K, committed 67584K, reserved 1114112K
  class space    used 7154K, committed 7744K, reserved 1048576K
}
Event: 25.025 GC heap after
{Heap after GC invocations=99 (full 3):
 PSYoungGen      total 5632K, used 510K [0x00000000d5580000, 0x00000000d5f00000, 0x0000000100000000)
  eden space 5120K, 0% used [0x00000000d5580000,0x00000000d5580000,0x00000000d5a80000)
  from space 512K, 99% used [0x00000000d5e80000,0x00000000d5eff8d8,0x00000000d5f00000)
  to   space 2048K, 0% used [0x00000000d5b00000,0x00000000d5b00000,0x00000000d5d00000)
 ParOldGen       total 184320K, used 183948K [0x0000000080000000, 0x000000008b400000, 0x00000000d5580000)
  object space 184320K, 99% used [0x0000000080000000,0x000000008b3a33d8,0x000000008b400000)
 Metaspace       used 66202K, committed 67584K, reserved 1114112K
  class space    used 7154K, committed 7744K, reserved 1048576K
}

